<?xml version="1.0" encoding="UTF-8"?>
<!-- Generated by org.testng.reporters.JUnitReportReporter -->
<testsuite hostname="DESKTOP-FSPGNRN" failures="0" tests="4" name="api.test.UserTest" time="7.197" errors="0" timestamp="2025-03-21T00:30:54 IST" skipped="0">
  <testcase classname="api.test.UserTest" name="testPostUser" time="3.765"/>
  <testcase classname="api.test.UserTest" name="testGetUser" time="1.155"/>
  <testcase classname="api.test.UserTest" name="testPutUser" time="1.135"/>
  <testcase classname="api.test.UserTest" name="testDeleteUser" time="1.142"/>
</testsuite> <!-- api.test.UserTest -->
