<?xml version="1.0" encoding="UTF-8"?>
<!-- Generated by org.testng.reporters.JUnitReportReporter -->
<testsuite hostname="DESKTOP-FSPGNRN" failures="0" tests="4" name="scripts.HttpRequest" time="5.574" errors="0" timestamp="2025-03-19T20:44:28 IST" skipped="2">
  <testcase classname="scripts.HttpRequest" name="createUser" time="4.908"/>
  <testcase classname="scripts.HttpRequest" name="updateUser" time="0.666"/>
  <testcase classname="scripts.HttpRequest" name="getUser">
    <skipped/>
  </testcase> <!-- getUser -->
  <testcase classname="scripts.HttpRequest" name="getAllUsers">
    <skipped/>
  </testcase> <!-- getAllUsers -->
</testsuite> <!-- scripts.HttpRequest -->
