<?xml version="1.0" encoding="UTF-8"?>
<!-- Generated by org.testng.reporters.JUnitReportReporter -->
<testsuite hostname="DESKTOP-FSPGNRN" failures="0" tests="4" name="api.test.UserTestFromRouteProperty" time="9.821" errors="0" timestamp="2025-03-21T02:50:33 IST" skipped="0">
  <testcase classname="api.test.UserTestFromRouteProperty" name="testPostUser" time="6.335"/>
  <testcase classname="api.test.UserTestFromRouteProperty" name="testGetUser" time="1.163"/>
  <testcase classname="api.test.UserTestFromRouteProperty" name="testPutUser" time="1.126"/>
  <testcase classname="api.test.UserTestFromRouteProperty" name="testDeleteUser" time="1.197"/>
</testsuite> <!-- api.test.UserTestFromRouteProperty -->
